[15:33:17] [Client thread/INFO]: Setting user: Ultimatedeath11
[15:33:39] [Client thread/INFO]: LWJGL Version: 2.9.2
[15:33:50] [Client thread/INFO]: Reloading ResourceManager: Default
[15:33:54] [Sound Library Loader/INFO]: Starting up SoundSystem...
[15:33:54] [Thread-4/INFO]: Initializing LWJGL OpenAL
[15:33:54] [Thread-4/INFO]: (The LWJGL binding of OpenAL.  For more information, see http://www.lwjgl.org)
[15:34:00] [Thread-4/INFO]: OpenAL initialized.
[15:34:00] [Sound Library Loader/INFO]: Sound engine started
[15:34:01] [Client thread/INFO]: Created: 1024x512 textures-atlas
[15:34:04] [Client thread/ERROR]: ########## GL ERROR ##########
[15:34:04] [Client thread/ERROR]: @ Post startup
[15:34:04] [Client thread/ERROR]: 1281: Invalid value
[15:34:08] [Client thread/ERROR]: ########## GL ERROR ##########
[15:34:08] [Client thread/ERROR]: @ Pre render
[15:34:08] [Client thread/ERROR]: 1281: Invalid value
[15:34:52] [Server thread/INFO]: Starting integrated minecraft server version 1.10.2
[15:34:52] [Server thread/INFO]: Generating keypair
[15:34:55] [Server thread/INFO]: Preparing start region for level 0
[15:34:56] [Server thread/INFO]: Preparing spawn area: 3%
[15:34:57] [Server thread/INFO]: Preparing spawn area: 8%
[15:34:58] [Server thread/INFO]: Preparing spawn area: 14%
[15:34:59] [Server thread/INFO]: Preparing spawn area: 22%
[15:35:00] [Server thread/INFO]: Preparing spawn area: 30%
[15:35:01] [Server thread/INFO]: Preparing spawn area: 36%
[15:35:02] [Server thread/INFO]: Preparing spawn area: 43%
[15:35:03] [Server thread/INFO]: Preparing spawn area: 48%
[15:35:04] [Server thread/INFO]: Preparing spawn area: 55%
[15:35:05] [Server thread/INFO]: Preparing spawn area: 62%
[15:35:06] [Server thread/INFO]: Preparing spawn area: 71%
[15:35:07] [Server thread/INFO]: Preparing spawn area: 82%
[15:35:08] [Server thread/INFO]: Preparing spawn area: 94%
[15:35:09] [Server thread/INFO]: Changing view distance to 12, from 10
[15:35:19] [Server thread/INFO]: Ultimatedeath11[local:E:c035f73a] logged in with entity id 1946 at (38.5, 67.0, 37.5)
[15:35:20] [Server thread/INFO]: Ultimatedeath11 joined the game
[15:35:22] [Server thread/INFO]: Saving and pausing game...
[15:35:22] [Server thread/INFO]: Saving chunks for level 'New World'/Overworld
[15:35:23] [Server thread/INFO]: Saving chunks for level 'New World'/Nether
[15:35:23] [Server thread/INFO]: Saving chunks for level 'New World'/The End
[15:35:24] [Server thread/WARN]: Can't keep up! Did the system time change, or is the server overloaded? Running 3745ms behind, skipping 74 tick(s)
[15:35:40] [Server thread/INFO]: Saving and pausing game...
[15:35:41] [Server thread/INFO]: Saving chunks for level 'New World'/Overworld
[15:35:41] [Server thread/INFO]: Saving chunks for level 'New World'/Nether
[15:35:41] [Server thread/INFO]: Saving chunks for level 'New World'/The End
[15:35:41] [Server thread/INFO]: Stopping server
[15:35:41] [Server thread/INFO]: Saving players
[15:35:41] [Server thread/INFO]: Saving worlds
[15:35:41] [Server thread/INFO]: Saving chunks for level 'New World'/Overworld
[15:35:42] [Server thread/INFO]: Saving chunks for level 'New World'/Nether
[15:35:42] [Server thread/INFO]: Saving chunks for level 'New World'/The End
[15:35:43] [Client thread/INFO]: Stopping!
[15:35:43] [Client thread/INFO]: SoundSystem shutting down...
[15:35:43] [Client thread/WARN]: Author: Paul Lamb, www.paulscode.com
